TN:MCDC_Test_Report
SF:tests/test_var_assign.c
BRDA:8,0,0,1
BRDA:8,0,1,1
BRDA:8,0,2,1
BRDA:8,0,3,0
BRDA:8,0,4,0
BRDA:8,0,5,1
BRDA:8,0,6,1
BRDA:8,0,7,1
BRDA:8,0,8,0
BRDA:8,0,9,1
BRDA:8,0,10,0
BRDA:8,0,11,0
BRDA:8,0,12,1
BRDA:8,0,13,1
BRDA:8,0,14,0
BRDA:8,0,15,1
BRDA:8,0,16,0
BRDA:8,0,17,0
BRDA:8,0,18,1
BRDA:8,0,19,1
BRDA:8,0,20,1
BRDA:8,0,21,0
BRDA:8,0,22,1
BRDA:8,0,23,0
MCDC:8,0,t,0,0,!(<NonBoolVar (int)a>)
MCDC:8,0,f,0,0,!(<NonBoolVar (int)a>)
MCDC:8,0,t,0,1,!(<NonBoolVar (int)b>)
MCDC:8,0,f,0,1,!(<NonBoolVar (int)b>)
MCDC:8,0,t,0,2,<NonBoolVar (int)c>
MCDC:8,0,f,0,2,<NonBoolVar (int)c>
MCDC:8,0,t,0,3,!(<NonBoolVar (int)a>)
MCDC:8,0,f,0,3,!(<NonBoolVar (int)a>)
MCDC:8,0,t,0,4,<NonBoolVar (int)b>
MCDC:8,0,f,0,4,<NonBoolVar (int)b>
MCDC:8,0,t,0,5,!(<NonBoolVar (int)c>)
MCDC:8,0,f,0,5,!(<NonBoolVar (int)c>)
MCDC:8,0,t,0,6,<NonBoolVar (int)a>
MCDC:8,0,f,0,6,<NonBoolVar (int)a>
MCDC:8,0,t,0,7,<NonBoolVar (int)b>
MCDC:8,0,f,0,7,<NonBoolVar (int)b>
MCDC:8,0,t,0,8,<NonBoolVar (int)c>
MCDC:8,0,f,0,8,<NonBoolVar (int)c>
MCDC:8,0,t,0,9,<NonBoolVar (int)a>
MCDC:8,0,f,0,9,<NonBoolVar (int)a>
MCDC:8,0,t,0,10,!(<NonBoolVar (int)b>)
MCDC:8,0,f,0,10,!(<NonBoolVar (int)b>)
MCDC:8,0,t,0,11,!(<NonBoolVar (int)c>)
MCDC:8,0,f,0,11,!(<NonBoolVar (int)c>)
BRDA:18,0,0,1
BRDA:18,0,1,4
BRDA:18,0,2,1
BRDA:18,0,3,3
BRDA:18,0,4,0
BRDA:18,0,5,3
MCDC:18,0,t,1,0,((<array-subscr><NonBoolVar (char *)array>)[<IntLiteral 0>] EQ <IntLiteral 97>)
MCDC:18,0,f,1,0,((<array-subscr><NonBoolVar (char *)array>)[<IntLiteral 0>] EQ <IntLiteral 97>)
MCDC:18,0,t,1,1,((<array-subscr><NonBoolVar (char *)array>)[<IntLiteral 0>] EQ <IntLiteral 49>)
MCDC:18,0,f,1,1,((<array-subscr><NonBoolVar (char *)array>)[<IntLiteral 0>] EQ <IntLiteral 49>)
MCDC:18,0,t,0,2,((<array-subscr><NonBoolVar (char *)array>)[<IntLiteral 0>] EQ <IntLiteral 84>)
MCDC:18,0,f,0,2,((<array-subscr><NonBoolVar (char *)array>)[<IntLiteral 0>] EQ <IntLiteral 84>)
BRDA:19,0,0,1
BRDA:19,0,1,4
BRDA:19,0,2,1
BRDA:19,0,3,3
BRDA:19,0,4,0
BRDA:19,0,5,3
MCDC:19,0,t,1,0,((<array-subscr><NonBoolVar (char *)array>)[<IntLiteral 1>] EQ <IntLiteral 98>)
MCDC:19,0,f,1,0,((<array-subscr><NonBoolVar (char *)array>)[<IntLiteral 1>] EQ <IntLiteral 98>)
MCDC:19,0,t,1,1,((<array-subscr><NonBoolVar (char *)array>)[<IntLiteral 1>] EQ <IntLiteral 49>)
MCDC:19,0,f,1,1,((<array-subscr><NonBoolVar (char *)array>)[<IntLiteral 1>] EQ <IntLiteral 49>)
MCDC:19,0,t,0,2,((<array-subscr><NonBoolVar (char *)array>)[<IntLiteral 1>] EQ <IntLiteral 84>)
MCDC:19,0,f,0,2,((<array-subscr><NonBoolVar (char *)array>)[<IntLiteral 1>] EQ <IntLiteral 84>)
BRDA:20,0,0,1
BRDA:20,0,1,4
BRDA:20,0,2,1
BRDA:20,0,3,3
BRDA:20,0,4,0
BRDA:20,0,5,3
MCDC:20,0,t,1,0,((<array-subscr><NonBoolVar (char *)array>)[<IntLiteral 2>] EQ <IntLiteral 99>)
MCDC:20,0,f,1,0,((<array-subscr><NonBoolVar (char *)array>)[<IntLiteral 2>] EQ <IntLiteral 99>)
MCDC:20,0,t,1,1,((<array-subscr><NonBoolVar (char *)array>)[<IntLiteral 2>] EQ <IntLiteral 49>)
MCDC:20,0,f,1,1,((<array-subscr><NonBoolVar (char *)array>)[<IntLiteral 2>] EQ <IntLiteral 49>)
MCDC:20,0,t,0,2,((<array-subscr><NonBoolVar (char *)array>)[<IntLiteral 2>] EQ <IntLiteral 84>)
MCDC:20,0,f,0,2,((<array-subscr><NonBoolVar (char *)array>)[<IntLiteral 2>] EQ <IntLiteral 84>)
BRDA:21,0,0,1
BRDA:21,0,1,4
BRDA:21,0,2,0
BRDA:21,0,3,4
BRDA:21,0,4,1
BRDA:21,0,5,3
MCDC:21,0,t,1,0,((<array-subscr><NonBoolVar (char *)array>)[<IntLiteral 3>] EQ <IntLiteral 100>)
MCDC:21,0,f,1,0,((<array-subscr><NonBoolVar (char *)array>)[<IntLiteral 3>] EQ <IntLiteral 100>)
MCDC:21,0,t,0,1,((<array-subscr><NonBoolVar (char *)array>)[<IntLiteral 3>] EQ <IntLiteral 49>)
MCDC:21,0,f,0,1,((<array-subscr><NonBoolVar (char *)array>)[<IntLiteral 3>] EQ <IntLiteral 49>)
MCDC:21,0,t,1,2,((<array-subscr><NonBoolVar (char *)array>)[<IntLiteral 3>] EQ <IntLiteral 84>)
MCDC:21,0,f,1,2,((<array-subscr><NonBoolVar (char *)array>)[<IntLiteral 3>] EQ <IntLiteral 84>)
BRDA:23,0,0,2
BRDA:23,0,1,3
BRDA:23,0,2,1
BRDA:23,0,3,2
BRDA:23,0,4,1
BRDA:23,0,5,2
BRDA:23,0,6,0
BRDA:23,0,7,2
MCDC:23,0,t,1,0,<BoolVar a>
MCDC:23,0,f,1,0,<BoolVar a>
MCDC:23,0,t,0,1,<BoolVar b>
MCDC:23,0,f,0,1,<BoolVar b>
MCDC:23,0,t,1,2,<BoolVar c>
MCDC:23,0,f,1,2,<BoolVar c>
MCDC:23,0,t,0,3,<BoolVar d>
MCDC:23,0,f,0,3,<BoolVar d>
BRDA:30,0,0,1
BRDA:30,0,1,0
MCDC:30,0,t,0,0,<BoolVar a>
MCDC:30,0,f,0,0,<BoolVar a>
DA:8,2
DA:18,5
DA:19,5
DA:20,5
DA:21,5
DA:23,5
DA:30,1
BRF:58
BRH:42
LF:7
LH:7
end_of_record
