TN:MCDC_Test_Report
SF:tests/test_locations.c
BRDA:36,0,0,1
BRDA:36,0,1,0
MCDC:36,0,t,0,0,(<NonBoolVar (int)c> LT <NonBoolVar (int)d>)
MCDC:36,0,f,0,0,(<NonBoolVar (int)c> LT <NonBoolVar (int)d>)
BRDA:47,0,0,-
BRDA:47,0,1,-
MCDC:47,0,t,0,0,<NonBoolVar (int)a>
MCDC:47,0,f,0,0,<NonBoolVar (int)a>
BRDA:59,0,0,0
BRDA:59,0,1,1
BRDA:59,0,2,0
BRDA:59,0,3,1
BRDA:59,0,4,0
BRDA:59,0,5,1
BRDA:59,0,6,0
BRDA:59,0,7,1
BRDA:59,0,8,0
BRDA:59,0,9,1
MCDC:59,0,t,0,0,<MemberExpr <NonBoolVar (const struct dt_device_match *)matches>->path>
MCDC:59,0,f,0,0,<MemberExpr <NonBoolVar (const struct dt_device_match *)matches>->path>
MCDC:59,0,t,0,1,<MemberExpr <NonBoolVar (const struct dt_device_match *)matches>->type>
MCDC:59,0,f,0,1,<MemberExpr <NonBoolVar (const struct dt_device_match *)matches>->type>
MCDC:59,0,t,0,2,<MemberExpr <NonBoolVar (const struct dt_device_match *)matches>->compatible>
MCDC:59,0,f,0,2,<MemberExpr <NonBoolVar (const struct dt_device_match *)matches>->compatible>
MCDC:59,0,t,0,3,<MemberExpr <NonBoolVar (const struct dt_device_match *)matches>->not_available>
MCDC:59,0,f,0,3,<MemberExpr <NonBoolVar (const struct dt_device_match *)matches>->not_available>
MCDC:59,0,t,0,4,<MemberExpr <NonBoolVar (const struct dt_device_match *)matches>->prop>
MCDC:59,0,f,0,4,<MemberExpr <NonBoolVar (const struct dt_device_match *)matches>->prop>
BRDA:62,0,0,-
BRDA:62,0,1,-
MCDC:62,0,t,0,0,(<NonBoolVar (int)x> GT <IntLiteral 3>)
MCDC:62,0,f,0,0,(<NonBoolVar (int)x> GT <IntLiteral 3>)
BRDA:68,0,0,1
BRDA:68,0,1,0
BRDA:68,0,2,1
BRDA:68,0,3,0
MCDC:68,0,t,0,0,(<MemberExpr <NonBoolVar (const struct dt_device_match *)matches>->data> EQ <IntLiteral 0>)
MCDC:68,0,f,0,0,(<MemberExpr <NonBoolVar (const struct dt_device_match *)matches>->data> EQ <IntLiteral 0>)
MCDC:68,0,t,0,1,(<NonBoolVar (int)x> EQ <IntLiteral 0>)
MCDC:68,0,f,0,1,(<NonBoolVar (int)x> EQ <IntLiteral 0>)
BRDA:71,0,0,-
BRDA:71,0,1,-
MCDC:71,0,t,0,0,(<MemberExpr <NonBoolVar (const struct dt_device_match *)matches>->data> EQ <IntLiteral 0>)
MCDC:71,0,f,0,0,(<MemberExpr <NonBoolVar (const struct dt_device_match *)matches>->data> EQ <IntLiteral 0>)
BRDA:74,0,0,-
BRDA:74,0,1,-
MCDC:74,0,t,0,0,(<NonBoolVar (volatile int)b> LT <NonBoolVar (volatile int)c>)
MCDC:74,0,f,0,0,(<NonBoolVar (volatile int)b> LT <NonBoolVar (volatile int)c>)
BRDA:76,0,0,-
BRDA:76,0,1,-
MCDC:76,0,t,0,0,(<MemberExpr <NonBoolVar (struct dt_device_match)g_matches>.num> EQ <IntLiteral 2>)
MCDC:76,0,f,0,0,(<MemberExpr <NonBoolVar (struct dt_device_match)g_matches>.num> EQ <IntLiteral 2>)
BRDA:76,0,2,-
BRDA:76,0,3,-
MCDC:76,1,t,0,0,(<MemberExpr <NonBoolVar (struct dt_device_match)g_matches>.num> GE <IntLiteral 1>)
MCDC:76,1,f,0,0,(<MemberExpr <NonBoolVar (struct dt_device_match)g_matches>.num> GE <IntLiteral 1>)
DA:36,1
DA:47,0
DA:59,1
DA:62,0
DA:68,1
DA:71,0
DA:74,0
DA:76,0
BRF:28
BRH:8
LF:8
LH:3
end_of_record
