TN:MCDC_Test_Report
SF:tests/test_func_calls.c
BRDA:5,0,0,7
BRDA:5,0,1,7
MCDC:5,0,t,1,0,(<BoolVar a> XOR <BoolVar b>)
MCDC:5,0,f,1,0,(<BoolVar a> XOR <BoolVar b>)
BRDA:15,0,0,1
BRDA:15,0,1,2
BRDA:15,0,2,1
BRDA:15,0,3,1
MCDC:15,0,t,1,0,(<fcall> <NonBoolVar (bool (bool  bool))get_xor>)(<FCallArg at <(Auto)tests/test_func_calls.c:15:22>>  <FCallArg at <(Auto)tests/test_func_calls.c:15:30>>)
MCDC:15,0,f,1,0,(<fcall> <NonBoolVar (bool (bool  bool))get_xor>)(<FCallArg at <(Auto)tests/test_func_calls.c:15:22>>  <FCallArg at <(Auto)tests/test_func_calls.c:15:30>>)
MCDC:15,0,t,1,1,(<fcall> <NonBoolVar (bool (bool  bool))get_xor>)(<FCallArg at <(Auto)tests/test_func_calls.c:15:49>>  <FCallArg at <(Auto)tests/test_func_calls.c:15:52>>)
MCDC:15,0,f,1,1,(<fcall> <NonBoolVar (bool (bool  bool))get_xor>)(<FCallArg at <(Auto)tests/test_func_calls.c:15:49>>  <FCallArg at <(Auto)tests/test_func_calls.c:15:52>>)
BRDA:15,0,4,2
BRDA:15,0,5,1
BRDA:15,0,6,1
BRDA:15,0,7,1
MCDC:15,1,t,1,0,<BoolVar a>
MCDC:15,1,f,1,0,<BoolVar a>
MCDC:15,1,t,1,1,<BoolVar b>
MCDC:15,1,f,1,1,<BoolVar b>
BRDA:15,0,8,1
BRDA:15,0,9,2
BRDA:15,0,10,0
BRDA:15,0,11,1
MCDC:15,2,t,0,0,<BoolVar b>
MCDC:15,2,f,0,0,<BoolVar b>
MCDC:15,2,t,0,1,<BoolVar c>
MCDC:15,2,f,0,1,<BoolVar c>
BRDA:22,0,0,2
BRDA:22,0,1,1
BRDA:22,0,2,1
BRDA:22,0,3,1
BRDA:22,0,4,0
BRDA:22,0,5,1
MCDC:22,0,t,0,0,<BoolVar a>
MCDC:22,0,f,0,0,<BoolVar a>
MCDC:22,0,t,0,1,<BoolVar b>
MCDC:22,0,f,0,1,<BoolVar b>
MCDC:22,0,t,0,2,<BoolVar c>
MCDC:22,0,f,0,2,<BoolVar c>
BRDA:22,0,6,1
BRDA:22,0,7,2
MCDC:22,1,t,1,0,(<BoolVar b> EQ <BoolVar c>)
MCDC:22,1,f,1,0,(<BoolVar b> EQ <BoolVar c>)
BRDA:29,0,0,2
BRDA:29,0,1,1
BRDA:29,0,2,1
BRDA:29,0,3,0
MCDC:29,0,t,0,0,(<fcall> <NonBoolVar (bool (bool  bool))get_xor>)(<FCallArg at <(Auto)tests/test_func_calls.c:29:26>>  <FCallArg at <(Auto)tests/test_func_calls.c:29:29>>)
MCDC:29,0,f,0,0,(<fcall> <NonBoolVar (bool (bool  bool))get_xor>)(<FCallArg at <(Auto)tests/test_func_calls.c:29:26>>  <FCallArg at <(Auto)tests/test_func_calls.c:29:29>>)
MCDC:29,0,t,0,1,(<fcall> <NonBoolVar (bool (bool  bool))get_xor>)(<FCallArg at <(Auto)tests/test_func_calls.c:29:43>>  <FCallArg at <(Auto)tests/test_func_calls.c:29:46>>)
MCDC:29,0,f,0,1,(<fcall> <NonBoolVar (bool (bool  bool))get_xor>)(<FCallArg at <(Auto)tests/test_func_calls.c:29:43>>  <FCallArg at <(Auto)tests/test_func_calls.c:29:46>>)
BRDA:38,0,0,1
BRDA:38,0,1,0
MCDC:38,0,t,0,0,!((<fcall> <NonBoolVar (bool (bool  bool))get_xor>)(<FCallArg at <(Auto)tests/test_func_calls.c:38:23>>  <FCallArg at <(Auto)tests/test_func_calls.c:38:26>>))
MCDC:38,0,f,0,0,!((<fcall> <NonBoolVar (bool (bool  bool))get_xor>)(<FCallArg at <(Auto)tests/test_func_calls.c:38:23>>  <FCallArg at <(Auto)tests/test_func_calls.c:38:26>>))
BRDA:45,0,0,1
BRDA:45,0,1,0
BRDA:45,0,2,0
BRDA:45,0,3,1
MCDC:45,0,t,0,0,<BoolVar a>
MCDC:45,0,f,0,0,<BoolVar a>
MCDC:45,0,t,0,1,!((<fcall> <NonBoolVar (bool (bool  bool))get_xor>)(<FCallArg at <(Auto)tests/test_func_calls.c:45:31>>  <FCallArg at <(Auto)tests/test_func_calls.c:45:34>>))
MCDC:45,0,f,0,1,!((<fcall> <NonBoolVar (bool (bool  bool))get_xor>)(<FCallArg at <(Auto)tests/test_func_calls.c:45:31>>  <FCallArg at <(Auto)tests/test_func_calls.c:45:34>>))
BRDA:50,0,0,1
BRDA:50,0,1,1
BRDA:50,0,2,1
BRDA:50,0,3,0
MCDC:50,0,t,0,0,!((<fcall> <NonBoolVar (int (int  int))get_int>)(<FCallArg at <(Auto)tests/test_func_calls.c:50:27>>  <FCallArg at <(Auto)tests/test_func_calls.c:50:30>>))
MCDC:50,0,f,0,0,!((<fcall> <NonBoolVar (int (int  int))get_int>)(<FCallArg at <(Auto)tests/test_func_calls.c:50:27>>  <FCallArg at <(Auto)tests/test_func_calls.c:50:30>>))
MCDC:50,0,t,0,1,!((<fcall> <NonBoolVar (int (int  int))get_int>)(<FCallArg at <(Auto)tests/test_func_calls.c:50:45>>  <FCallArg at <(Auto)tests/test_func_calls.c:50:48>>))
MCDC:50,0,f,0,1,!((<fcall> <NonBoolVar (int (int  int))get_int>)(<FCallArg at <(Auto)tests/test_func_calls.c:50:45>>  <FCallArg at <(Auto)tests/test_func_calls.c:50:48>>))
DA:5,14
DA:15,9
DA:22,6
DA:29,3
DA:38,1
DA:45,1
DA:50,2
BRF:36
BRH:29
LF:7
LH:7
end_of_record
