TN:MCDC_Test_Report
SF:tests/test_ariphmetics.c
BRDA:10,0,0,1
BRDA:10,0,1,0
MCDC:10,0,t,0,0,(<NonBoolExpr> (<NonBoolExpr> <NonBoolVar (int)a> / <IntLiteral 12>) - <IntLiteral 5>)
MCDC:10,0,f,0,0,(<NonBoolExpr> (<NonBoolExpr> <NonBoolVar (int)a> / <IntLiteral 12>) - <IntLiteral 5>)
BRDA:18,0,0,3
BRDA:18,0,1,0
MCDC:18,0,t,0,0,((<array-subscr><NonBoolVar (const char *)c>)[<IntLiteral 0>] EQ <IntLiteral 84>)
MCDC:18,0,f,0,0,((<array-subscr><NonBoolVar (const char *)c>)[<IntLiteral 0>] EQ <IntLiteral 84>)
BRDA:23,0,0,0
BRDA:23,0,1,1
MCDC:23,0,t,0,0,((<array-subscr><NonBoolVar (const char *)c>)[<IntLiteral 0>] XOR <IntLiteral 84>)
MCDC:23,0,f,0,0,((<array-subscr><NonBoolVar (const char *)c>)[<IntLiteral 0>] XOR <IntLiteral 84>)
BRDA:28,0,0,1
BRDA:28,0,1,1
MCDC:28,0,t,1,0,(<NonBoolExpr> (<NonBoolExpr> <NonBoolVar (int)a> >> <IntLiteral 2>) & <IntLiteral 1>)
MCDC:28,0,f,1,0,(<NonBoolExpr> (<NonBoolExpr> <NonBoolVar (int)a> >> <IntLiteral 2>) & <IntLiteral 1>)
BRDA:33,0,0,1
BRDA:33,0,1,1
BRDA:33,0,2,0
BRDA:33,0,3,1
MCDC:33,0,t,1,0,(<NonBoolExpr> (<NonBoolExpr> <NonBoolVar (int)a> >> <IntLiteral 14>) & <IntLiteral 1>)
MCDC:33,0,f,1,0,(<NonBoolExpr> (<NonBoolExpr> <NonBoolVar (int)a> >> <IntLiteral 14>) & <IntLiteral 1>)
MCDC:33,0,t,0,1,<NonBoolVar (int)b>
MCDC:33,0,f,0,1,<NonBoolVar (int)b>
BRDA:40,0,0,1
BRDA:40,0,1,0
MCDC:40,0,t,0,0,(<NonBoolExpr> <NonBoolVar (int)a> - <IntLiteral 15>)
MCDC:40,0,f,0,0,(<NonBoolExpr> <NonBoolVar (int)a> - <IntLiteral 15>)
BRDA:47,0,0,1
BRDA:47,0,1,0
MCDC:47,0,t,0,0,(<NonBoolExpr> (<NonBoolExpr> <NonBoolVar (int)a> >> <NonBoolVar (int)b>) * <IntLiteral 2>)
MCDC:47,0,f,0,0,(<NonBoolExpr> (<NonBoolExpr> <NonBoolVar (int)a> >> <NonBoolVar (int)b>) * <IntLiteral 2>)
BRDA:52,0,0,1
BRDA:52,0,1,0
MCDC:52,0,t,0,0,(<NonBoolExpr> (<NonBoolExpr> <NonBoolVar (int)a> ^ <NonBoolVar (int)b>) / <IntLiteral 2>)
MCDC:52,0,f,0,0,(<NonBoolExpr> (<NonBoolExpr> <NonBoolVar (int)a> ^ <NonBoolVar (int)b>) / <IntLiteral 2>)
BRDA:58,0,0,0
BRDA:58,0,1,1
MCDC:58,0,t,0,0,(<NonBoolExpr> (<NonBoolExpr> <NonBoolVar (int)a> >> <IntLiteral 16>) & <IntLiteral 11>)
MCDC:58,0,f,0,0,(<NonBoolExpr> (<NonBoolExpr> <NonBoolVar (int)a> >> <IntLiteral 16>) & <IntLiteral 11>)
BRDA:65,0,0,1
BRDA:65,0,1,1
MCDC:65,0,t,1,0,(<NonBoolExpr> (<NonBoolExpr> <NonBoolVar (int)a> ^ <NonBoolVar (int)b>) / <IntLiteral 2>)
MCDC:65,0,f,1,0,(<NonBoolExpr> (<NonBoolExpr> <NonBoolVar (int)a> ^ <NonBoolVar (int)b>) / <IntLiteral 2>)
BRDA:72,0,0,1
BRDA:72,0,1,1
MCDC:72,0,t,1,0,(<NonBoolExpr> (<NonBoolExpr> <NonBoolVar (int)a> ^ <NonBoolVar (int)b>) / <IntLiteral 2>)
MCDC:72,0,f,1,0,(<NonBoolExpr> (<NonBoolExpr> <NonBoolVar (int)a> ^ <NonBoolVar (int)b>) / <IntLiteral 2>)
BRDA:78,0,0,1
BRDA:78,0,1,1
MCDC:78,0,t,1,0,(<NonBoolExpr> (<NonBoolExpr> <NonBoolVar (int)a> ^ <NonBoolVar (int)b>) / <IntLiteral 2>)
MCDC:78,0,f,1,0,(<NonBoolExpr> (<NonBoolExpr> <NonBoolVar (int)a> ^ <NonBoolVar (int)b>) / <IntLiteral 2>)
BRDA:84,0,0,1
BRDA:84,0,1,1
MCDC:84,0,t,1,0,(<NonBoolExpr> (<NonBoolExpr> <NonBoolVar (int)a> ^ <NonBoolVar (int)b>) / <IntLiteral 2>)
MCDC:84,0,f,1,0,(<NonBoolExpr> (<NonBoolExpr> <NonBoolVar (int)a> ^ <NonBoolVar (int)b>) / <IntLiteral 2>)
BRDA:90,0,0,1
BRDA:90,0,1,1
MCDC:90,0,t,1,0,(<NonBoolExpr> (<NonBoolExpr> <NonBoolVar (int)a> ^ <NonBoolVar (int)b>) / <IntLiteral 2>)
MCDC:90,0,f,1,0,(<NonBoolExpr> (<NonBoolExpr> <NonBoolVar (int)a> ^ <NonBoolVar (int)b>) / <IntLiteral 2>)
BRDA:96,0,0,2
BRDA:96,0,1,0
MCDC:96,0,t,0,0,(<NonBoolExpr> <NonBoolVar (int)a> / <IntLiteral 2>)
MCDC:96,0,f,0,0,(<NonBoolExpr> <NonBoolVar (int)a> / <IntLiteral 2>)
BRDA:103,0,0,1
BRDA:103,0,1,1
MCDC:103,0,t,1,0,!((<NonBoolExpr> <NonBoolVar (int)a> & <IntLiteral 1>))
MCDC:103,0,f,1,0,!((<NonBoolExpr> <NonBoolVar (int)a> & <IntLiteral 1>))
DA:10,1
DA:18,3
DA:23,1
DA:28,2
DA:33,2
DA:40,1
DA:47,1
DA:52,1
DA:58,1
DA:65,2
DA:72,2
DA:78,2
DA:84,2
DA:90,2
DA:96,2
DA:103,2
BRF:34
BRH:25
LF:16
LH:16
end_of_record
