TN:MCDC_Test_Report
SF:tests/test_basics.c
BRDA:10,0,0,1
BRDA:10,0,1,0
MCDC:10,0,t,0,0,(<NonBoolVar (int)global_var> EQ <IntLiteral 2>)
MCDC:10,0,f,0,0,(<NonBoolVar (int)global_var> EQ <IntLiteral 2>)
BRDA:17,0,0,1
BRDA:17,0,1,2
MCDC:17,0,t,1,0,(<NonBoolVar (int)a> EQ <IntLiteral 1>)
MCDC:17,0,f,1,0,(<NonBoolVar (int)a> EQ <IntLiteral 1>)
BRDA:20,0,0,1
BRDA:20,0,1,1
MCDC:20,0,t,1,0,(<NonBoolVar (int)a> EQ <IntLiteral 2>)
MCDC:20,0,f,1,0,(<NonBoolVar (int)a> EQ <IntLiteral 2>)
BRDA:23,0,0,0
BRDA:23,0,1,1
MCDC:23,0,t,0,0,(<NonBoolVar (int)a> EQ <IntLiteral 3>)
MCDC:23,0,f,0,0,(<NonBoolVar (int)a> EQ <IntLiteral 3>)
BRDA:26,0,0,0
BRDA:26,0,1,1
MCDC:26,0,t,0,0,(<NonBoolVar (int)a> GT <IntLiteral 512>)
MCDC:26,0,f,0,0,(<NonBoolVar (int)a> GT <IntLiteral 512>)
BRDA:29,0,0,1
BRDA:29,0,1,0
MCDC:29,0,t,0,0,(<NonBoolVar (int)a> LT <IntLiteral 512>)
MCDC:29,0,f,0,0,(<NonBoolVar (int)a> LT <IntLiteral 512>)
BRDA:32,0,0,-
BRDA:32,0,1,-
MCDC:32,0,t,0,0,(<NonBoolVar (int)a> GT <IntLiteral 0>)
MCDC:32,0,f,0,0,(<NonBoolVar (int)a> GT <IntLiteral 0>)
BRDA:35,0,0,-
BRDA:35,0,1,-
MCDC:35,0,t,0,0,(<NonBoolVar (int)a> LT <IntLiteral 0>)
MCDC:35,0,f,0,0,(<NonBoolVar (int)a> LT <IntLiteral 0>)
BRDA:43,0,0,0
BRDA:43,0,1,3
MCDC:43,0,t,0,0,(<NonBoolVar (unsigned int)a> LT <IntLiteral 0>)
MCDC:43,0,f,0,0,(<NonBoolVar (unsigned int)a> LT <IntLiteral 0>)
BRDA:46,0,0,2
BRDA:46,0,1,1
MCDC:46,0,t,1,0,(<NonBoolVar (unsigned int)a> GT <IntLiteral 0>)
MCDC:46,0,f,1,0,(<NonBoolVar (unsigned int)a> GT <IntLiteral 0>)
BRDA:49,0,0,1
BRDA:49,0,1,0
MCDC:49,0,t,0,0,(<NonBoolVar (unsigned int)a> LT <IntLiteral 1>)
MCDC:49,0,f,0,0,(<NonBoolVar (unsigned int)a> LT <IntLiteral 1>)
BRDA:52,0,0,-
BRDA:52,0,1,-
MCDC:52,0,t,0,0,(<NonBoolVar (unsigned int)a> GT <IntLiteral 1>)
MCDC:52,0,f,0,0,(<NonBoolVar (unsigned int)a> GT <IntLiteral 1>)
BRDA:55,0,0,-
BRDA:55,0,1,-
MCDC:55,0,t,0,0,(<NonBoolVar (unsigned int)a> GT (<NonBoolExpr> (<NonBoolExpr> ~ <IntLiteral 0>) >> <IntLiteral 1>))
MCDC:55,0,f,0,0,(<NonBoolVar (unsigned int)a> GT (<NonBoolExpr> (<NonBoolExpr> ~ <IntLiteral 0>) >> <IntLiteral 1>))
BRDA:58,0,0,-
BRDA:58,0,1,-
MCDC:58,0,t,0,0,(<NonBoolVar (unsigned int)a> LT (<NonBoolExpr> (<NonBoolExpr> ~ <IntLiteral 0>) >> <IntLiteral 1>))
MCDC:58,0,f,0,0,(<NonBoolVar (unsigned int)a> LT (<NonBoolExpr> (<NonBoolExpr> ~ <IntLiteral 0>) >> <IntLiteral 1>))
BRDA:61,0,0,-
BRDA:61,0,1,-
MCDC:61,0,t,0,0,((<NonBoolExpr> <NonBoolVar (unsigned int)a> << <IntLiteral 3>) GE <NonBoolVar (unsigned int)b>)
MCDC:61,0,f,0,0,((<NonBoolExpr> <NonBoolVar (unsigned int)a> << <IntLiteral 3>) GE <NonBoolVar (unsigned int)b>)
BRDA:69,0,0,0
BRDA:69,0,1,1
MCDC:69,0,t,0,0,(<NonBoolVar (unsigned int)a> LT <IntLiteral 0>)
MCDC:69,0,f,0,0,(<NonBoolVar (unsigned int)a> LT <IntLiteral 0>)
BRDA:77,0,0,1
BRDA:77,0,1,3
BRDA:77,0,2,2
BRDA:77,0,3,1
MCDC:77,0,t,1,0,(<NonBoolVar (int)a> LT <IntLiteral 6>)
MCDC:77,0,f,1,0,(<NonBoolVar (int)a> LT <IntLiteral 6>)
MCDC:77,0,t,1,1,(<NonBoolVar (int)a> GT <IntLiteral 8>)
MCDC:77,0,f,1,1,(<NonBoolVar (int)a> GT <IntLiteral 8>)
BRDA:80,0,0,0
BRDA:80,0,1,1
BRDA:80,0,2,0
BRDA:80,0,3,1
MCDC:80,0,t,0,0,(<NonBoolVar (int)a> GE <IntLiteral 64>)
MCDC:80,0,f,0,0,(<NonBoolVar (int)a> GE <IntLiteral 64>)
MCDC:80,0,t,0,1,(<NonBoolVar (int)a> LT <IntLiteral 0>)
MCDC:80,0,f,0,1,(<NonBoolVar (int)a> LT <IntLiteral 0>)
BRDA:83,0,0,1
BRDA:83,0,1,0
BRDA:83,0,2,0
BRDA:83,0,3,0
MCDC:83,0,t,0,0,(<NonBoolVar (int)a> LT <IntLiteral 16>)
MCDC:83,0,f,0,0,(<NonBoolVar (int)a> LT <IntLiteral 16>)
MCDC:83,0,t,0,1,(<NonBoolVar (int)a> GT <IntLiteral 18>)
MCDC:83,0,f,0,1,(<NonBoolVar (int)a> GT <IntLiteral 18>)
BRDA:91,0,0,1
BRDA:91,0,1,2
BRDA:91,0,2,1
BRDA:91,0,3,0
MCDC:91,0,t,1,0,(<NonBoolVar (int)a> LT <IntLiteral 6>)
MCDC:91,0,f,1,0,(<NonBoolVar (int)a> LT <IntLiteral 6>)
MCDC:91,0,t,0,1,(<NonBoolVar (int)b> GT <IntLiteral 8>)
MCDC:91,0,f,0,1,(<NonBoolVar (int)b> GT <IntLiteral 8>)
BRDA:94,0,0,1
BRDA:94,0,1,1
BRDA:94,0,2,0
BRDA:94,0,3,1
MCDC:94,0,t,0,0,(<NonBoolVar (int)a> LT <IntLiteral 16>)
MCDC:94,0,f,0,0,(<NonBoolVar (int)a> LT <IntLiteral 16>)
MCDC:94,0,t,0,1,(<NonBoolVar (int)b> GT <IntLiteral 18>)
MCDC:94,0,f,0,1,(<NonBoolVar (int)b> GT <IntLiteral 18>)
BRDA:102,0,0,1
BRDA:102,0,1,0
BRDA:102,0,2,0
BRDA:102,0,3,0
MCDC:102,0,t,0,0,<BoolVar a>
MCDC:102,0,f,0,0,<BoolVar a>
MCDC:102,0,t,0,1,<BoolVar a>
MCDC:102,0,f,0,1,<BoolVar a>
BRDA:110,0,0,2
BRDA:110,0,1,1
MCDC:110,0,t,1,0,<BoolVar a>
MCDC:110,0,f,1,0,<BoolVar a>
BRDA:111,0,0,2
BRDA:111,0,1,0
BRDA:111,0,2,1
BRDA:111,0,3,1
MCDC:111,0,t,0,0,<BoolVar a>
MCDC:111,0,f,0,0,<BoolVar a>
MCDC:111,0,t,1,1,<BoolVar b>
MCDC:111,0,f,1,1,<BoolVar b>
BRDA:112,0,0,1
BRDA:112,0,1,0
BRDA:112,0,2,1
BRDA:112,0,3,0
BRDA:112,0,4,0
BRDA:112,0,5,1
MCDC:112,0,t,0,0,<BoolVar a>
MCDC:112,0,f,0,0,<BoolVar a>
MCDC:112,0,t,0,1,<BoolVar b>
MCDC:112,0,f,0,1,<BoolVar b>
MCDC:112,0,t,0,2,<BoolVar c>
MCDC:112,0,f,0,2,<BoolVar c>
BRDA:113,0,0,-
BRDA:113,0,1,-
BRDA:113,0,2,-
BRDA:113,0,3,-
BRDA:113,0,4,-
BRDA:113,0,5,-
BRDA:113,0,6,-
BRDA:113,0,7,-
MCDC:113,0,t,0,0,<BoolVar a>
MCDC:113,0,f,0,0,<BoolVar a>
MCDC:113,0,t,0,1,<BoolVar b>
MCDC:113,0,f,0,1,<BoolVar b>
MCDC:113,0,t,0,2,<BoolVar c>
MCDC:113,0,f,0,2,<BoolVar c>
MCDC:113,0,t,0,3,<BoolVar d>
MCDC:113,0,f,0,3,<BoolVar d>
BRDA:126,0,0,2
BRDA:126,0,1,1
BRDA:126,0,2,1
BRDA:126,0,3,1
BRDA:126,0,4,1
BRDA:126,0,5,1
BRDA:126,0,6,0
BRDA:126,0,7,1
MCDC:126,0,t,1,0,<BoolVar a>
MCDC:126,0,f,1,0,<BoolVar a>
MCDC:126,0,t,1,1,!(<BoolVar b>)
MCDC:126,0,f,1,1,!(<BoolVar b>)
MCDC:126,0,t,0,2,<BoolVar c>
MCDC:126,0,f,0,2,<BoolVar c>
MCDC:126,0,t,0,3,<BoolVar d>
MCDC:126,0,f,0,3,<BoolVar d>
BRDA:134,0,0,2
BRDA:134,0,1,1
BRDA:134,0,2,1
BRDA:134,0,3,1
BRDA:134,0,4,1
BRDA:134,0,5,1
BRDA:134,0,6,0
BRDA:134,0,7,1
MCDC:134,0,t,1,0,<BoolVar a>
MCDC:134,0,f,1,0,<BoolVar a>
MCDC:134,0,t,1,1,!(<BoolVar b>)
MCDC:134,0,f,1,1,!(<BoolVar b>)
MCDC:134,0,t,0,2,!(<BoolVar a>)
MCDC:134,0,f,0,2,!(<BoolVar a>)
MCDC:134,0,t,0,3,<BoolVar b>
MCDC:134,0,f,0,3,<BoolVar b>
BRDA:146,0,0,3
BRDA:146,0,1,1
MCDC:146,0,t,1,0,(<NonBoolVar (int)i> LT <IntLiteral 3>)
MCDC:146,0,f,1,0,(<NonBoolVar (int)i> LT <IntLiteral 3>)
BRDA:158,0,0,1
BRDA:158,0,1,0
MCDC:158,0,t,0,0,(<NonBoolVar (void *)ptr> XOR <IntLiteral 0>)
MCDC:158,0,f,0,0,(<NonBoolVar (void *)ptr> XOR <IntLiteral 0>)
BRDA:169,0,0,1
BRDA:169,0,1,0
MCDC:169,0,t,0,0,(<NonBoolVar (u64)x> GT sizeof(u64))
MCDC:169,0,f,0,0,(<NonBoolVar (u64)x> GT sizeof(u64))
BRDA:172,0,0,-
BRDA:172,0,1,-
MCDC:172,0,t,0,0,(<NonBoolVar (u64)x> GT sizeof(char[64]))
MCDC:172,0,f,0,0,(<NonBoolVar (u64)x> GT sizeof(char[64]))
DA:10,1
DA:17,3
DA:20,2
DA:23,1
DA:26,1
DA:29,1
DA:32,0
DA:35,0
DA:43,3
DA:46,3
DA:49,1
DA:52,0
DA:55,0
DA:58,0
DA:61,0
DA:69,1
DA:77,4
DA:80,1
DA:83,1
DA:91,3
DA:94,2
DA:102,1
DA:110,3
DA:111,2
DA:112,1
DA:113,0
DA:126,3
DA:134,3
DA:146,4
DA:158,1
DA:169,1
DA:172,0
BRF:100
BRH:53
LF:32
LH:24
end_of_record
